{"/Users/rafaelbartra/Documents/cavali-script/src/_script.ts": {"path":"/Users/rafaelbartra/Documents/cavali-script/src/_script.ts","all":true,"statementMap":{"13":{"start":{"line":14,"column":0},"end":{"line":14,"column":33}},"14":{"start":{"line":15,"column":0},"end":{"line":15,"column":71}},"15":{"start":{"line":16,"column":0},"end":{"line":16,"column":65}},"16":{"start":{"line":17,"column":0},"end":{"line":17,"column":53}},"17":{"start":{"line":18,"column":0},"end":{"line":18,"column":43}},"30":{"start":{"line":31,"column":0},"end":{"line":31,"column":38}},"31":{"start":{"line":32,"column":0},"end":{"line":32,"column":8}},"32":{"start":{"line":33,"column":0},"end":{"line":33,"column":31}},"33":{"start":{"line":34,"column":0},"end":{"line":34,"column":4}},"34":{"start":{"line":35,"column":0},"end":{"line":35,"column":8}},"35":{"start":{"line":36,"column":0},"end":{"line":36,"column":31}},"36":{"start":{"line":37,"column":0},"end":{"line":37,"column":4}},"37":{"start":{"line":38,"column":0},"end":{"line":38,"column":9}},"38":{"start":{"line":39,"column":0},"end":{"line":39,"column":27}},"39":{"start":{"line":40,"column":0},"end":{"line":40,"column":4}},"40":{"start":{"line":41,"column":0},"end":{"line":41,"column":2}},"43":{"start":{"line":44,"column":0},"end":{"line":44,"column":57}},"44":{"start":{"line":45,"column":0},"end":{"line":45,"column":64}},"66":{"start":{"line":67,"column":0},"end":{"line":67,"column":30}},"67":{"start":{"line":68,"column":0},"end":{"line":68,"column":17}},"68":{"start":{"line":69,"column":0},"end":{"line":69,"column":19}},"69":{"start":{"line":70,"column":0},"end":{"line":70,"column":30}},"71":{"start":{"line":72,"column":0},"end":{"line":72,"column":26}},"72":{"start":{"line":73,"column":0},"end":{"line":73,"column":78}},"73":{"start":{"line":74,"column":0},"end":{"line":74,"column":91}},"76":{"start":{"line":77,"column":0},"end":{"line":77,"column":33}},"77":{"start":{"line":78,"column":0},"end":{"line":78,"column":62}},"78":{"start":{"line":79,"column":0},"end":{"line":79,"column":77}},"79":{"start":{"line":80,"column":0},"end":{"line":80,"column":64}},"80":{"start":{"line":81,"column":0},"end":{"line":81,"column":75}},"81":{"start":{"line":82,"column":0},"end":{"line":82,"column":39}},"82":{"start":{"line":83,"column":0},"end":{"line":83,"column":51}},"83":{"start":{"line":84,"column":0},"end":{"line":84,"column":37}},"86":{"start":{"line":87,"column":0},"end":{"line":87,"column":36}},"89":{"start":{"line":90,"column":0},"end":{"line":90,"column":55}},"92":{"start":{"line":93,"column":0},"end":{"line":93,"column":50}},"93":{"start":{"line":94,"column":0},"end":{"line":94,"column":26}},"95":{"start":{"line":96,"column":0},"end":{"line":96,"column":72}},"96":{"start":{"line":97,"column":0},"end":{"line":97,"column":23}},"97":{"start":{"line":98,"column":0},"end":{"line":98,"column":3}},"100":{"start":{"line":101,"column":0},"end":{"line":101,"column":54}},"101":{"start":{"line":102,"column":0},"end":{"line":102,"column":53}},"102":{"start":{"line":103,"column":0},"end":{"line":103,"column":14}},"103":{"start":{"line":104,"column":0},"end":{"line":104,"column":19}},"104":{"start":{"line":105,"column":0},"end":{"line":105,"column":10}},"105":{"start":{"line":106,"column":0},"end":{"line":106,"column":14}},"106":{"start":{"line":107,"column":0},"end":{"line":107,"column":26}},"107":{"start":{"line":108,"column":0},"end":{"line":108,"column":15}},"108":{"start":{"line":109,"column":0},"end":{"line":109,"column":14}},"109":{"start":{"line":110,"column":0},"end":{"line":110,"column":7}},"110":{"start":{"line":111,"column":0},"end":{"line":111,"column":4}},"117":{"start":{"line":118,"column":0},"end":{"line":118,"column":87}},"118":{"start":{"line":119,"column":0},"end":{"line":119,"column":43}},"121":{"start":{"line":122,"column":0},"end":{"line":122,"column":46}},"122":{"start":{"line":123,"column":0},"end":{"line":123,"column":36}},"123":{"start":{"line":124,"column":0},"end":{"line":124,"column":30}},"124":{"start":{"line":125,"column":0},"end":{"line":125,"column":51}},"127":{"start":{"line":128,"column":0},"end":{"line":128,"column":43}},"129":{"start":{"line":130,"column":0},"end":{"line":130,"column":40}},"130":{"start":{"line":131,"column":0},"end":{"line":131,"column":35}},"134":{"start":{"line":135,"column":0},"end":{"line":135,"column":10}},"135":{"start":{"line":136,"column":0},"end":{"line":136,"column":17}},"136":{"start":{"line":137,"column":0},"end":{"line":137,"column":29}},"137":{"start":{"line":138,"column":0},"end":{"line":138,"column":27}},"139":{"start":{"line":140,"column":0},"end":{"line":140,"column":41}},"140":{"start":{"line":141,"column":0},"end":{"line":141,"column":26}},"141":{"start":{"line":142,"column":0},"end":{"line":142,"column":13}},"142":{"start":{"line":143,"column":0},"end":{"line":143,"column":31}},"144":{"start":{"line":145,"column":0},"end":{"line":145,"column":24}},"145":{"start":{"line":146,"column":0},"end":{"line":146,"column":11}},"146":{"start":{"line":147,"column":0},"end":{"line":147,"column":23}},"147":{"start":{"line":148,"column":0},"end":{"line":148,"column":10}},"148":{"start":{"line":149,"column":0},"end":{"line":149,"column":9}},"150":{"start":{"line":151,"column":0},"end":{"line":151,"column":15}},"151":{"start":{"line":152,"column":0},"end":{"line":152,"column":48}},"152":{"start":{"line":153,"column":0},"end":{"line":153,"column":17}},"153":{"start":{"line":154,"column":0},"end":{"line":154,"column":7}},"155":{"start":{"line":156,"column":0},"end":{"line":156,"column":44}},"156":{"start":{"line":157,"column":0},"end":{"line":157,"column":52}},"158":{"start":{"line":159,"column":0},"end":{"line":159,"column":11}},"160":{"start":{"line":161,"column":0},"end":{"line":161,"column":52}},"161":{"start":{"line":162,"column":0},"end":{"line":162,"column":15}},"162":{"start":{"line":163,"column":0},"end":{"line":163,"column":17}},"163":{"start":{"line":164,"column":0},"end":{"line":164,"column":24}},"164":{"start":{"line":165,"column":0},"end":{"line":165,"column":18}},"165":{"start":{"line":166,"column":0},"end":{"line":166,"column":21}},"166":{"start":{"line":167,"column":0},"end":{"line":167,"column":24}},"167":{"start":{"line":168,"column":0},"end":{"line":168,"column":10}},"170":{"start":{"line":171,"column":0},"end":{"line":171,"column":24}},"171":{"start":{"line":172,"column":0},"end":{"line":172,"column":17}},"172":{"start":{"line":173,"column":0},"end":{"line":173,"column":18}},"173":{"start":{"line":174,"column":0},"end":{"line":174,"column":21}},"174":{"start":{"line":175,"column":0},"end":{"line":175,"column":57}},"175":{"start":{"line":176,"column":0},"end":{"line":176,"column":22}},"176":{"start":{"line":177,"column":0},"end":{"line":177,"column":11}},"179":{"start":{"line":180,"column":0},"end":{"line":180,"column":51}},"180":{"start":{"line":181,"column":0},"end":{"line":181,"column":20}},"181":{"start":{"line":182,"column":0},"end":{"line":182,"column":66}},"182":{"start":{"line":183,"column":0},"end":{"line":183,"column":16}},"183":{"start":{"line":184,"column":0},"end":{"line":184,"column":16}},"185":{"start":{"line":186,"column":0},"end":{"line":186,"column":17}},"186":{"start":{"line":187,"column":0},"end":{"line":187,"column":9}},"188":{"start":{"line":189,"column":0},"end":{"line":189,"column":70}},"189":{"start":{"line":190,"column":0},"end":{"line":190,"column":21}},"191":{"start":{"line":192,"column":0},"end":{"line":192,"column":24}},"192":{"start":{"line":193,"column":0},"end":{"line":193,"column":17}},"193":{"start":{"line":194,"column":0},"end":{"line":194,"column":18}},"194":{"start":{"line":195,"column":0},"end":{"line":195,"column":21}},"195":{"start":{"line":196,"column":0},"end":{"line":196,"column":57}},"196":{"start":{"line":197,"column":0},"end":{"line":197,"column":46}},"197":{"start":{"line":198,"column":0},"end":{"line":198,"column":11}},"198":{"start":{"line":199,"column":0},"end":{"line":199,"column":15}},"199":{"start":{"line":200,"column":0},"end":{"line":200,"column":25}},"200":{"start":{"line":201,"column":0},"end":{"line":201,"column":7}},"201":{"start":{"line":202,"column":0},"end":{"line":202,"column":5}},"205":{"start":{"line":206,"column":0},"end":{"line":206,"column":22}},"206":{"start":{"line":207,"column":0},"end":{"line":207,"column":16}},"207":{"start":{"line":208,"column":0},"end":{"line":208,"column":100}},"208":{"start":{"line":209,"column":0},"end":{"line":209,"column":6}},"209":{"start":{"line":210,"column":0},"end":{"line":210,"column":4}},"213":{"start":{"line":214,"column":0},"end":{"line":214,"column":62}},"214":{"start":{"line":215,"column":0},"end":{"line":215,"column":48}},"216":{"start":{"line":217,"column":0},"end":{"line":217,"column":20}},"217":{"start":{"line":218,"column":0},"end":{"line":218,"column":18}},"218":{"start":{"line":219,"column":0},"end":{"line":219,"column":30}},"219":{"start":{"line":220,"column":0},"end":{"line":220,"column":14}},"220":{"start":{"line":221,"column":0},"end":{"line":221,"column":22}},"221":{"start":{"line":222,"column":0},"end":{"line":222,"column":24}},"222":{"start":{"line":223,"column":0},"end":{"line":223,"column":8}},"224":{"start":{"line":225,"column":0},"end":{"line":225,"column":35}},"225":{"start":{"line":226,"column":0},"end":{"line":226,"column":12}},"227":{"start":{"line":228,"column":0},"end":{"line":228,"column":18}},"228":{"start":{"line":229,"column":0},"end":{"line":229,"column":30}},"229":{"start":{"line":230,"column":0},"end":{"line":230,"column":14}},"230":{"start":{"line":231,"column":0},"end":{"line":231,"column":18}},"231":{"start":{"line":232,"column":0},"end":{"line":232,"column":30}},"232":{"start":{"line":233,"column":0},"end":{"line":233,"column":11}},"233":{"start":{"line":234,"column":0},"end":{"line":234,"column":8}},"234":{"start":{"line":235,"column":0},"end":{"line":235,"column":5}},"235":{"start":{"line":236,"column":0},"end":{"line":236,"column":12}},"236":{"start":{"line":237,"column":0},"end":{"line":237,"column":3}},"238":{"start":{"line":239,"column":0},"end":{"line":239,"column":22}},"239":{"start":{"line":240,"column":0},"end":{"line":240,"column":10}},"240":{"start":{"line":241,"column":0},"end":{"line":241,"column":12}},"241":{"start":{"line":242,"column":0},"end":{"line":242,"column":4}},"242":{"start":{"line":243,"column":0},"end":{"line":243,"column":2}}},"s":{"13":0,"14":0,"15":0,"16":0,"17":0,"30":0,"31":0,"32":0,"33":0,"34":0,"35":0,"36":0,"37":0,"38":0,"39":0,"40":0,"43":0,"44":0,"66":0,"67":0,"68":0,"69":0,"71":0,"72":0,"73":0,"76":0,"77":0,"78":0,"79":0,"80":0,"81":0,"82":0,"83":0,"86":0,"89":0,"92":0,"93":0,"95":0,"96":0,"97":0,"100":0,"101":0,"102":0,"103":0,"104":0,"105":0,"106":0,"107":0,"108":0,"109":0,"110":0,"117":0,"118":0,"121":0,"122":0,"123":0,"124":0,"127":0,"129":0,"130":0,"134":0,"135":0,"136":0,"137":0,"139":0,"140":0,"141":0,"142":0,"144":0,"145":0,"146":0,"147":0,"148":0,"150":0,"151":0,"152":0,"153":0,"155":0,"156":0,"158":0,"160":0,"161":0,"162":0,"163":0,"164":0,"165":0,"166":0,"167":0,"170":0,"171":0,"172":0,"173":0,"174":0,"175":0,"176":0,"179":0,"180":0,"181":0,"182":0,"183":0,"185":0,"186":0,"188":0,"189":0,"191":0,"192":0,"193":0,"194":0,"195":0,"196":0,"197":0,"198":0,"199":0,"200":0,"201":0,"205":0,"206":0,"207":0,"208":0,"209":0,"213":0,"214":0,"216":0,"217":0,"218":0,"219":0,"220":0,"221":0,"222":0,"224":0,"225":0,"227":0,"228":0,"229":0,"230":0,"231":0,"232":0,"233":0,"234":0,"235":0,"236":0,"238":0,"239":0,"240":0,"241":0,"242":0},"branchMap":{"0":{"type":"branch","line":1,"loc":{"start":{"line":1,"column":7313},"end":{"line":243,"column":2}},"locations":[{"start":{"line":1,"column":7313},"end":{"line":243,"column":2}}]}},"b":{"0":[1]},"fnMap":{"0":{"name":"(empty-report)","decl":{"start":{"line":1,"column":7313},"end":{"line":243,"column":2}},"loc":{"start":{"line":1,"column":7313},"end":{"line":243,"column":2}},"line":1}},"f":{"0":1}}
,"/Users/rafaelbartra/Documents/cavali-script/src/_types.ts": {"path":"/Users/rafaelbartra/Documents/cavali-script/src/_types.ts","all":true,"statementMap":{"8":{"start":{"line":9,"column":0},"end":{"line":9,"column":25}},"9":{"start":{"line":10,"column":0},"end":{"line":10,"column":24}},"10":{"start":{"line":11,"column":0},"end":{"line":11,"column":24}},"11":{"start":{"line":12,"column":0},"end":{"line":12,"column":29}},"12":{"start":{"line":13,"column":0},"end":{"line":13,"column":23}},"18":{"start":{"line":19,"column":0},"end":{"line":19,"column":22}},"19":{"start":{"line":20,"column":0},"end":{"line":20,"column":36}},"20":{"start":{"line":21,"column":0},"end":{"line":21,"column":34}},"26":{"start":{"line":27,"column":0},"end":{"line":27,"column":26}},"27":{"start":{"line":28,"column":0},"end":{"line":28,"column":59}},"28":{"start":{"line":29,"column":0},"end":{"line":29,"column":55}},"29":{"start":{"line":30,"column":0},"end":{"line":30,"column":46}},"35":{"start":{"line":36,"column":0},"end":{"line":36,"column":31}},"36":{"start":{"line":37,"column":0},"end":{"line":37,"column":33}},"37":{"start":{"line":38,"column":0},"end":{"line":38,"column":48}}},"s":{"8":0,"9":0,"10":0,"11":0,"12":0,"18":0,"19":0,"20":0,"26":0,"27":0,"28":0,"29":0,"35":0,"36":0,"37":0},"branchMap":{"0":{"type":"branch","line":1,"loc":{"start":{"line":1,"column":5156},"end":{"line":200,"column":57}},"locations":[{"start":{"line":1,"column":5156},"end":{"line":200,"column":57}}]}},"b":{"0":[1]},"fnMap":{"0":{"name":"(empty-report)","decl":{"start":{"line":1,"column":5156},"end":{"line":200,"column":57}},"loc":{"start":{"line":1,"column":5156},"end":{"line":200,"column":57}},"line":1}},"f":{"0":1}}
,"/Users/rafaelbartra/Documents/cavali-script/src/_helpers/arrayToObject.ts": {"path":"/Users/rafaelbartra/Documents/cavali-script/src/_helpers/arrayToObject.ts","all":false,"statementMap":{"0":{"start":{"line":1,"column":0},"end":{"line":1,"column":40}},"1":{"start":{"line":2,"column":0},"end":{"line":2,"column":42}},"12":{"start":{"line":13,"column":0},"end":{"line":13,"column":30}},"13":{"start":{"line":14,"column":0},"end":{"line":14,"column":15}},"14":{"start":{"line":15,"column":0},"end":{"line":15,"column":13}},"15":{"start":{"line":16,"column":0},"end":{"line":16,"column":19}},"16":{"start":{"line":17,"column":0},"end":{"line":17,"column":54}},"17":{"start":{"line":18,"column":0},"end":{"line":18,"column":14}},"18":{"start":{"line":19,"column":0},"end":{"line":19,"column":3}},"19":{"start":{"line":20,"column":0},"end":{"line":20,"column":40}},"20":{"start":{"line":21,"column":0},"end":{"line":21,"column":54}},"23":{"start":{"line":24,"column":0},"end":{"line":24,"column":42}},"24":{"start":{"line":25,"column":0},"end":{"line":25,"column":73}},"26":{"start":{"line":27,"column":0},"end":{"line":27,"column":41}},"27":{"start":{"line":28,"column":0},"end":{"line":28,"column":32}},"28":{"start":{"line":29,"column":0},"end":{"line":29,"column":5}},"29":{"start":{"line":30,"column":0},"end":{"line":30,"column":3}},"30":{"start":{"line":31,"column":0},"end":{"line":31,"column":36}},"31":{"start":{"line":32,"column":0},"end":{"line":32,"column":2}}},"s":{"0":1,"1":1,"12":1,"13":26,"14":26,"15":26,"16":26,"17":0,"18":0,"19":26,"20":26,"23":26,"24":169,"26":169,"27":169,"28":169,"29":169,"30":26,"31":26},"branchMap":{"0":{"type":"branch","line":13,"loc":{"start":{"line":13,"column":29},"end":{"line":32,"column":2}},"locations":[{"start":{"line":13,"column":29},"end":{"line":32,"column":2}}]},"1":{"type":"branch","line":17,"loc":{"start":{"line":17,"column":53},"end":{"line":19,"column":3}},"locations":[{"start":{"line":17,"column":53},"end":{"line":19,"column":3}}]},"2":{"type":"branch","line":24,"loc":{"start":{"line":24,"column":41},"end":{"line":30,"column":3}},"locations":[{"start":{"line":24,"column":41},"end":{"line":30,"column":3}}]}},"b":{"0":[26],"1":[0],"2":[169]},"fnMap":{"0":{"name":"arrayToObject","decl":{"start":{"line":13,"column":29},"end":{"line":32,"column":2}},"loc":{"start":{"line":13,"column":29},"end":{"line":32,"column":2}},"line":13}},"f":{"0":26}}
,"/Users/rafaelbartra/Documents/cavali-script/src/_helpers/attributes.ts": {"path":"/Users/rafaelbartra/Documents/cavali-script/src/_helpers/attributes.ts","all":false,"statementMap":{"17":{"start":{"line":18,"column":0},"end":{"line":18,"column":46}},"18":{"start":{"line":19,"column":0},"end":{"line":19,"column":16}},"19":{"start":{"line":20,"column":0},"end":{"line":20,"column":19}},"20":{"start":{"line":21,"column":0},"end":{"line":21,"column":14}},"21":{"start":{"line":22,"column":0},"end":{"line":22,"column":27}},"22":{"start":{"line":23,"column":0},"end":{"line":23,"column":27}},"23":{"start":{"line":24,"column":0},"end":{"line":24,"column":27}},"25":{"start":{"line":26,"column":0},"end":{"line":26,"column":21}},"26":{"start":{"line":27,"column":0},"end":{"line":27,"column":21}},"27":{"start":{"line":28,"column":0},"end":{"line":28,"column":21}},"29":{"start":{"line":30,"column":0},"end":{"line":30,"column":18}},"30":{"start":{"line":31,"column":0},"end":{"line":31,"column":18}},"31":{"start":{"line":32,"column":0},"end":{"line":32,"column":18}},"33":{"start":{"line":34,"column":0},"end":{"line":34,"column":34}},"34":{"start":{"line":35,"column":0},"end":{"line":35,"column":34}},"35":{"start":{"line":36,"column":0},"end":{"line":36,"column":34}},"36":{"start":{"line":37,"column":0},"end":{"line":37,"column":34}},"37":{"start":{"line":38,"column":0},"end":{"line":38,"column":34}},"38":{"start":{"line":39,"column":0},"end":{"line":39,"column":34}},"39":{"start":{"line":40,"column":0},"end":{"line":40,"column":34}},"40":{"start":{"line":41,"column":0},"end":{"line":41,"column":34}},"41":{"start":{"line":42,"column":0},"end":{"line":42,"column":34}},"42":{"start":{"line":43,"column":0},"end":{"line":43,"column":2}},"48":{"start":{"line":49,"column":0},"end":{"line":49,"column":45}},"49":{"start":{"line":50,"column":0},"end":{"line":50,"column":21}},"50":{"start":{"line":51,"column":0},"end":{"line":51,"column":2}},"56":{"start":{"line":57,"column":0},"end":{"line":57,"column":52}},"62":{"start":{"line":63,"column":0},"end":{"line":63,"column":44}},"63":{"start":{"line":64,"column":0},"end":{"line":64,"column":21}},"64":{"start":{"line":65,"column":0},"end":{"line":65,"column":19}},"65":{"start":{"line":66,"column":0},"end":{"line":66,"column":19}},"66":{"start":{"line":67,"column":0},"end":{"line":67,"column":10}},"67":{"start":{"line":68,"column":0},"end":{"line":68,"column":13}},"69":{"start":{"line":70,"column":0},"end":{"line":70,"column":17}},"70":{"start":{"line":71,"column":0},"end":{"line":71,"column":19}},"72":{"start":{"line":73,"column":0},"end":{"line":73,"column":24}},"73":{"start":{"line":74,"column":0},"end":{"line":74,"column":24}},"74":{"start":{"line":75,"column":0},"end":{"line":75,"column":24}},"75":{"start":{"line":76,"column":0},"end":{"line":76,"column":2}},"81":{"start":{"line":82,"column":0},"end":{"line":82,"column":46}},"82":{"start":{"line":83,"column":0},"end":{"line":83,"column":21}},"84":{"start":{"line":85,"column":0},"end":{"line":85,"column":30}},"85":{"start":{"line":86,"column":0},"end":{"line":86,"column":30}},"86":{"start":{"line":87,"column":0},"end":{"line":87,"column":30}},"88":{"start":{"line":89,"column":0},"end":{"line":89,"column":21}},"89":{"start":{"line":90,"column":0},"end":{"line":90,"column":21}},"90":{"start":{"line":91,"column":0},"end":{"line":91,"column":21}},"92":{"start":{"line":93,"column":0},"end":{"line":93,"column":37}},"93":{"start":{"line":94,"column":0},"end":{"line":94,"column":37}},"94":{"start":{"line":95,"column":0},"end":{"line":95,"column":37}},"95":{"start":{"line":96,"column":0},"end":{"line":96,"column":37}},"96":{"start":{"line":97,"column":0},"end":{"line":97,"column":37}},"97":{"start":{"line":98,"column":0},"end":{"line":98,"column":37}},"98":{"start":{"line":99,"column":0},"end":{"line":99,"column":37}},"99":{"start":{"line":100,"column":0},"end":{"line":100,"column":37}},"100":{"start":{"line":101,"column":0},"end":{"line":101,"column":37}},"101":{"start":{"line":102,"column":0},"end":{"line":102,"column":2}},"107":{"start":{"line":108,"column":0},"end":{"line":108,"column":84}},"113":{"start":{"line":114,"column":0},"end":{"line":114,"column":50}},"114":{"start":{"line":115,"column":0},"end":{"line":115,"column":43}},"115":{"start":{"line":116,"column":0},"end":{"line":116,"column":43}},"116":{"start":{"line":117,"column":0},"end":{"line":117,"column":38}},"117":{"start":{"line":118,"column":0},"end":{"line":118,"column":37}},"118":{"start":{"line":119,"column":0},"end":{"line":119,"column":68}},"119":{"start":{"line":120,"column":0},"end":{"line":120,"column":62}},"120":{"start":{"line":121,"column":0},"end":{"line":121,"column":68}},"121":{"start":{"line":122,"column":0},"end":{"line":122,"column":62}},"122":{"start":{"line":123,"column":0},"end":{"line":123,"column":70}},"123":{"start":{"line":124,"column":0},"end":{"line":124,"column":64}},"124":{"start":{"line":125,"column":0},"end":{"line":125,"column":2}},"130":{"start":{"line":131,"column":0},"end":{"line":131,"column":50}},"131":{"start":{"line":132,"column":0},"end":{"line":132,"column":43}},"132":{"start":{"line":133,"column":0},"end":{"line":133,"column":43}},"133":{"start":{"line":134,"column":0},"end":{"line":134,"column":38}},"134":{"start":{"line":135,"column":0},"end":{"line":135,"column":37}},"135":{"start":{"line":136,"column":0},"end":{"line":136,"column":68}},"136":{"start":{"line":137,"column":0},"end":{"line":137,"column":62}},"137":{"start":{"line":138,"column":0},"end":{"line":138,"column":68}},"138":{"start":{"line":139,"column":0},"end":{"line":139,"column":62}},"139":{"start":{"line":140,"column":0},"end":{"line":140,"column":70}},"140":{"start":{"line":141,"column":0},"end":{"line":141,"column":64}},"141":{"start":{"line":142,"column":0},"end":{"line":142,"column":2}},"147":{"start":{"line":148,"column":0},"end":{"line":148,"column":50}},"148":{"start":{"line":149,"column":0},"end":{"line":149,"column":43}},"149":{"start":{"line":150,"column":0},"end":{"line":150,"column":43}},"150":{"start":{"line":151,"column":0},"end":{"line":151,"column":38}},"151":{"start":{"line":152,"column":0},"end":{"line":152,"column":37}},"152":{"start":{"line":153,"column":0},"end":{"line":153,"column":68}},"153":{"start":{"line":154,"column":0},"end":{"line":154,"column":62}},"154":{"start":{"line":155,"column":0},"end":{"line":155,"column":68}},"155":{"start":{"line":156,"column":0},"end":{"line":156,"column":62}},"156":{"start":{"line":157,"column":0},"end":{"line":157,"column":70}},"157":{"start":{"line":158,"column":0},"end":{"line":158,"column":64}},"158":{"start":{"line":159,"column":0},"end":{"line":159,"column":2}},"167":{"start":{"line":168,"column":0},"end":{"line":168,"column":45}},"168":{"start":{"line":169,"column":0},"end":{"line":169,"column":28}},"169":{"start":{"line":170,"column":0},"end":{"line":170,"column":40}},"170":{"start":{"line":171,"column":0},"end":{"line":171,"column":31}},"171":{"start":{"line":172,"column":0},"end":{"line":172,"column":33}},"172":{"start":{"line":173,"column":0},"end":{"line":173,"column":19}},"173":{"start":{"line":174,"column":0},"end":{"line":174,"column":22}},"174":{"start":{"line":175,"column":0},"end":{"line":175,"column":21}},"175":{"start":{"line":176,"column":0},"end":{"line":176,"column":40}},"176":{"start":{"line":177,"column":0},"end":{"line":177,"column":31}},"177":{"start":{"line":178,"column":0},"end":{"line":178,"column":30}},"178":{"start":{"line":179,"column":0},"end":{"line":179,"column":33}},"179":{"start":{"line":180,"column":0},"end":{"line":180,"column":37}},"180":{"start":{"line":181,"column":0},"end":{"line":181,"column":24}},"181":{"start":{"line":182,"column":0},"end":{"line":182,"column":33}},"182":{"start":{"line":183,"column":0},"end":{"line":183,"column":34}},"183":{"start":{"line":184,"column":0},"end":{"line":184,"column":18}},"185":{"start":{"line":186,"column":0},"end":{"line":186,"column":55}},"186":{"start":{"line":187,"column":0},"end":{"line":187,"column":49}},"187":{"start":{"line":188,"column":0},"end":{"line":188,"column":55}},"188":{"start":{"line":189,"column":0},"end":{"line":189,"column":49}},"189":{"start":{"line":190,"column":0},"end":{"line":190,"column":57}},"190":{"start":{"line":191,"column":0},"end":{"line":191,"column":51}},"192":{"start":{"line":193,"column":0},"end":{"line":193,"column":21}},"194":{"start":{"line":195,"column":0},"end":{"line":195,"column":21}},"196":{"start":{"line":197,"column":0},"end":{"line":197,"column":21}},"197":{"start":{"line":198,"column":0},"end":{"line":198,"column":2}}},"s":{"17":1,"18":1,"19":1,"20":1,"21":1,"22":1,"23":1,"25":1,"26":1,"27":1,"29":1,"30":1,"31":1,"33":1,"34":1,"35":1,"36":1,"37":1,"38":1,"39":1,"40":1,"41":1,"42":1,"48":1,"49":1,"50":1,"56":1,"62":1,"63":1,"64":1,"65":1,"66":1,"67":1,"69":1,"70":1,"72":1,"73":1,"74":1,"75":1,"81":1,"82":1,"84":1,"85":1,"86":1,"88":1,"89":1,"90":1,"92":1,"93":1,"94":1,"95":1,"96":1,"97":1,"98":1,"99":1,"100":1,"101":1,"107":1,"113":1,"114":1,"115":1,"116":1,"117":1,"118":1,"119":1,"120":1,"121":1,"122":1,"123":1,"124":1,"130":1,"131":1,"132":1,"133":1,"134":1,"135":1,"136":1,"137":1,"138":1,"139":1,"140":1,"141":1,"147":1,"148":1,"149":1,"150":1,"151":1,"152":1,"153":1,"154":1,"155":1,"156":1,"157":1,"158":1,"167":1,"168":1,"169":1,"170":1,"171":1,"172":1,"173":1,"174":1,"175":1,"176":1,"177":1,"178":1,"179":1,"180":1,"181":1,"182":1,"183":1,"185":1,"186":1,"187":1,"188":1,"189":1,"190":1,"192":1,"194":1,"196":1,"197":1},"branchMap":{},"b":{},"fnMap":{},"f":{}}
,"/Users/rafaelbartra/Documents/cavali-script/src/_helpers/buildNestedObjects.ts": {"path":"/Users/rafaelbartra/Documents/cavali-script/src/_helpers/buildNestedObjects.ts","all":false,"statementMap":{"11":{"start":{"line":12,"column":0},"end":{"line":12,"column":62}},"12":{"start":{"line":13,"column":0},"end":{"line":13,"column":25}},"13":{"start":{"line":14,"column":0},"end":{"line":14,"column":49}},"14":{"start":{"line":15,"column":0},"end":{"line":15,"column":48}},"15":{"start":{"line":16,"column":0},"end":{"line":16,"column":28}},"17":{"start":{"line":18,"column":0},"end":{"line":18,"column":35}},"18":{"start":{"line":19,"column":0},"end":{"line":19,"column":30}},"19":{"start":{"line":20,"column":0},"end":{"line":20,"column":33}},"21":{"start":{"line":22,"column":0},"end":{"line":22,"column":24}},"22":{"start":{"line":23,"column":0},"end":{"line":23,"column":50}},"23":{"start":{"line":24,"column":0},"end":{"line":24,"column":25}},"24":{"start":{"line":25,"column":0},"end":{"line":25,"column":8}},"25":{"start":{"line":26,"column":0},"end":{"line":26,"column":12}},"27":{"start":{"line":28,"column":0},"end":{"line":28,"column":24}},"28":{"start":{"line":29,"column":0},"end":{"line":29,"column":5}},"29":{"start":{"line":30,"column":0},"end":{"line":30,"column":3}},"30":{"start":{"line":31,"column":0},"end":{"line":31,"column":16}},"31":{"start":{"line":32,"column":0},"end":{"line":32,"column":2}}},"s":{"11":1,"12":24,"13":24,"14":158,"15":158,"17":19,"18":19,"19":19,"21":19,"22":19,"23":19,"24":19,"25":158,"27":139,"28":139,"29":158,"30":24,"31":24},"branchMap":{"0":{"type":"branch","line":12,"loc":{"start":{"line":12,"column":34},"end":{"line":32,"column":2}},"locations":[{"start":{"line":12,"column":34},"end":{"line":32,"column":2}}]},"1":{"type":"branch","line":14,"loc":{"start":{"line":14,"column":48},"end":{"line":30,"column":3}},"locations":[{"start":{"line":14,"column":48},"end":{"line":30,"column":3}}]},"2":{"type":"branch","line":16,"loc":{"start":{"line":16,"column":27},"end":{"line":26,"column":11}},"locations":[{"start":{"line":16,"column":27},"end":{"line":26,"column":11}}]},"3":{"type":"branch","line":23,"loc":{"start":{"line":23,"column":25},"end":{"line":23,"column":46}},"locations":[{"start":{"line":23,"column":25},"end":{"line":23,"column":46}}]},"4":{"type":"branch","line":23,"loc":{"start":{"line":23,"column":42},"end":{"line":23,"column":50}},"locations":[{"start":{"line":23,"column":42},"end":{"line":23,"column":50}}]},"5":{"type":"branch","line":26,"loc":{"start":{"line":26,"column":4},"end":{"line":29,"column":5}},"locations":[{"start":{"line":26,"column":4},"end":{"line":29,"column":5}}]}},"b":{"0":[24],"1":[158],"2":[19],"3":[12],"4":[7],"5":[139]},"fnMap":{"0":{"name":"buildNestedObjects","decl":{"start":{"line":12,"column":34},"end":{"line":32,"column":2}},"loc":{"start":{"line":12,"column":34},"end":{"line":32,"column":2}},"line":12}},"f":{"0":24}}
,"/Users/rafaelbartra/Documents/cavali-script/src/_helpers/chunks.ts": {"path":"/Users/rafaelbartra/Documents/cavali-script/src/_helpers/chunks.ts","all":true,"statementMap":{"11":{"start":{"line":12,"column":0},"end":{"line":12,"column":55}},"12":{"start":{"line":13,"column":0},"end":{"line":13,"column":25}},"13":{"start":{"line":14,"column":0},"end":{"line":14,"column":43}},"14":{"start":{"line":15,"column":0},"end":{"line":15,"column":35}},"15":{"start":{"line":16,"column":0},"end":{"line":16,"column":3}},"16":{"start":{"line":17,"column":0},"end":{"line":17,"column":14}},"17":{"start":{"line":18,"column":0},"end":{"line":18,"column":1}}},"s":{"11":0,"12":0,"13":0,"14":0,"15":0,"16":0,"17":0},"branchMap":{"0":{"type":"branch","line":1,"loc":{"start":{"line":1,"column":520},"end":{"line":18,"column":1}},"locations":[{"start":{"line":1,"column":520},"end":{"line":18,"column":1}}]}},"b":{"0":[1]},"fnMap":{"0":{"name":"(empty-report)","decl":{"start":{"line":1,"column":520},"end":{"line":18,"column":1}},"loc":{"start":{"line":1,"column":520},"end":{"line":18,"column":1}},"line":1}},"f":{"0":1}}
,"/Users/rafaelbartra/Documents/cavali-script/src/_helpers/exportJsonToSheet.ts": {"path":"/Users/rafaelbartra/Documents/cavali-script/src/_helpers/exportJsonToSheet.ts","all":true,"statementMap":{"0":{"start":{"line":1,"column":0},"end":{"line":1,"column":25}},"1":{"start":{"line":2,"column":0},"end":{"line":2,"column":29}},"11":{"start":{"line":12,"column":0},"end":{"line":12,"column":40}},"12":{"start":{"line":13,"column":0},"end":{"line":13,"column":17}},"13":{"start":{"line":14,"column":0},"end":{"line":14,"column":18}},"14":{"start":{"line":15,"column":0},"end":{"line":15,"column":18}},"15":{"start":{"line":16,"column":0},"end":{"line":16,"column":18}},"16":{"start":{"line":17,"column":0},"end":{"line":17,"column":86}},"17":{"start":{"line":18,"column":0},"end":{"line":18,"column":32}},"19":{"start":{"line":20,"column":0},"end":{"line":20,"column":47}},"20":{"start":{"line":21,"column":0},"end":{"line":21,"column":60}},"21":{"start":{"line":22,"column":0},"end":{"line":22,"column":74}},"22":{"start":{"line":23,"column":0},"end":{"line":23,"column":79}},"23":{"start":{"line":24,"column":0},"end":{"line":24,"column":64}},"24":{"start":{"line":25,"column":0},"end":{"line":25,"column":1}}},"s":{"0":0,"1":0,"11":0,"12":0,"13":0,"14":0,"15":0,"16":0,"17":0,"19":0,"20":0,"21":0,"22":0,"23":0,"24":0},"branchMap":{"0":{"type":"branch","line":1,"loc":{"start":{"line":1,"column":927},"end":{"line":25,"column":1}},"locations":[{"start":{"line":1,"column":927},"end":{"line":25,"column":1}}]}},"b":{"0":[0]},"fnMap":{"0":{"name":"(empty-report)","decl":{"start":{"line":1,"column":927},"end":{"line":25,"column":1}},"loc":{"start":{"line":1,"column":927},"end":{"line":25,"column":1}},"line":1}},"f":{"0":0}}
,"/Users/rafaelbartra/Documents/cavali-script/src/_helpers/getPayloads.ts": {"path":"/Users/rafaelbartra/Documents/cavali-script/src/_helpers/getPayloads.ts","all":false,"statementMap":{"5":{"start":{"line":6,"column":0},"end":{"line":6,"column":28}},"7":{"start":{"line":8,"column":0},"end":{"line":8,"column":48}},"8":{"start":{"line":9,"column":0},"end":{"line":9,"column":48}},"9":{"start":{"line":10,"column":0},"end":{"line":10,"column":54}},"10":{"start":{"line":11,"column":0},"end":{"line":11,"column":58}},"11":{"start":{"line":12,"column":0},"end":{"line":12,"column":42}},"27":{"start":{"line":28,"column":0},"end":{"line":28,"column":77}},"28":{"start":{"line":29,"column":0},"end":{"line":29,"column":20}},"29":{"start":{"line":30,"column":0},"end":{"line":30,"column":34}},"30":{"start":{"line":31,"column":0},"end":{"line":31,"column":33}},"33":{"start":{"line":34,"column":0},"end":{"line":34,"column":7}},"34":{"start":{"line":35,"column":0},"end":{"line":35,"column":37}},"35":{"start":{"line":36,"column":0},"end":{"line":36,"column":17}},"36":{"start":{"line":37,"column":0},"end":{"line":37,"column":21}},"37":{"start":{"line":38,"column":0},"end":{"line":38,"column":32}},"38":{"start":{"line":39,"column":0},"end":{"line":39,"column":3}},"41":{"start":{"line":42,"column":0},"end":{"line":42,"column":35}},"42":{"start":{"line":43,"column":0},"end":{"line":43,"column":32}},"43":{"start":{"line":44,"column":0},"end":{"line":44,"column":3}},"46":{"start":{"line":47,"column":0},"end":{"line":47,"column":41}},"49":{"start":{"line":50,"column":0},"end":{"line":50,"column":45}},"51":{"start":{"line":52,"column":0},"end":{"line":52,"column":77}},"52":{"start":{"line":53,"column":0},"end":{"line":53,"column":28}},"55":{"start":{"line":56,"column":0},"end":{"line":56,"column":45}},"58":{"start":{"line":59,"column":0},"end":{"line":59,"column":20}},"59":{"start":{"line":60,"column":0},"end":{"line":60,"column":9}},"60":{"start":{"line":61,"column":0},"end":{"line":61,"column":43}},"61":{"start":{"line":62,"column":0},"end":{"line":62,"column":21}},"63":{"start":{"line":64,"column":0},"end":{"line":64,"column":29}},"64":{"start":{"line":65,"column":0},"end":{"line":65,"column":79}},"65":{"start":{"line":66,"column":0},"end":{"line":66,"column":14}},"66":{"start":{"line":67,"column":0},"end":{"line":67,"column":27}},"67":{"start":{"line":68,"column":0},"end":{"line":68,"column":7}},"68":{"start":{"line":69,"column":0},"end":{"line":69,"column":15}},"69":{"start":{"line":70,"column":0},"end":{"line":70,"column":5}},"72":{"start":{"line":73,"column":0},"end":{"line":73,"column":44}},"73":{"start":{"line":74,"column":0},"end":{"line":74,"column":57}},"74":{"start":{"line":75,"column":0},"end":{"line":75,"column":6}},"77":{"start":{"line":78,"column":0},"end":{"line":78,"column":67}},"78":{"start":{"line":79,"column":0},"end":{"line":79,"column":89}},"81":{"start":{"line":82,"column":0},"end":{"line":82,"column":35}},"83":{"start":{"line":84,"column":0},"end":{"line":84,"column":66}},"84":{"start":{"line":85,"column":0},"end":{"line":85,"column":51}},"85":{"start":{"line":86,"column":0},"end":{"line":86,"column":5}},"86":{"start":{"line":87,"column":0},"end":{"line":87,"column":66}},"87":{"start":{"line":88,"column":0},"end":{"line":88,"column":51}},"88":{"start":{"line":89,"column":0},"end":{"line":89,"column":5}},"89":{"start":{"line":90,"column":0},"end":{"line":90,"column":66}},"90":{"start":{"line":91,"column":0},"end":{"line":91,"column":51}},"91":{"start":{"line":92,"column":0},"end":{"line":92,"column":5}},"94":{"start":{"line":95,"column":0},"end":{"line":95,"column":41}},"95":{"start":{"line":96,"column":0},"end":{"line":96,"column":63}},"96":{"start":{"line":97,"column":0},"end":{"line":97,"column":5}},"99":{"start":{"line":100,"column":0},"end":{"line":100,"column":19}},"100":{"start":{"line":101,"column":0},"end":{"line":101,"column":17}},"101":{"start":{"line":102,"column":0},"end":{"line":102,"column":23}},"102":{"start":{"line":103,"column":0},"end":{"line":103,"column":26}},"103":{"start":{"line":104,"column":0},"end":{"line":104,"column":54}},"104":{"start":{"line":105,"column":0},"end":{"line":105,"column":73}},"105":{"start":{"line":106,"column":0},"end":{"line":106,"column":82}},"106":{"start":{"line":107,"column":0},"end":{"line":107,"column":67}},"108":{"start":{"line":109,"column":0},"end":{"line":109,"column":21}},"109":{"start":{"line":110,"column":0},"end":{"line":110,"column":78}},"111":{"start":{"line":112,"column":0},"end":{"line":112,"column":19}},"112":{"start":{"line":113,"column":0},"end":{"line":113,"column":38}},"113":{"start":{"line":114,"column":0},"end":{"line":114,"column":57}},"114":{"start":{"line":115,"column":0},"end":{"line":115,"column":8}},"115":{"start":{"line":116,"column":0},"end":{"line":116,"column":7}},"116":{"start":{"line":117,"column":0},"end":{"line":117,"column":3}},"119":{"start":{"line":120,"column":0},"end":{"line":120,"column":26}},"120":{"start":{"line":121,"column":0},"end":{"line":121,"column":43}},"121":{"start":{"line":122,"column":0},"end":{"line":122,"column":3}},"123":{"start":{"line":124,"column":0},"end":{"line":124,"column":30}},"124":{"start":{"line":125,"column":0},"end":{"line":125,"column":2}}},"s":{"5":1,"7":1,"8":1,"9":1,"10":1,"11":1,"27":1,"28":22,"29":22,"30":22,"33":22,"34":22,"35":22,"36":1,"37":1,"38":1,"41":22,"42":1,"43":1,"46":22,"49":22,"51":26,"52":26,"55":26,"58":26,"59":26,"60":26,"61":26,"63":2,"64":2,"65":2,"66":0,"67":0,"68":2,"69":2,"72":24,"73":24,"74":24,"77":24,"78":24,"81":24,"83":26,"84":4,"85":4,"86":26,"87":1,"88":1,"89":26,"90":1,"91":1,"94":26,"95":4,"96":4,"99":24,"100":24,"101":24,"102":24,"103":24,"104":26,"105":26,"106":26,"108":26,"109":26,"111":26,"112":26,"113":22,"114":26,"115":26,"116":26,"119":22,"120":2,"121":2,"123":20,"124":20},"branchMap":{"0":{"type":"branch","line":28,"loc":{"start":{"line":28,"column":27},"end":{"line":125,"column":2}},"locations":[{"start":{"line":28,"column":27},"end":{"line":125,"column":2}}]},"1":{"type":"branch","line":35,"loc":{"start":{"line":35,"column":35},"end":{"line":36,"column":11}},"locations":[{"start":{"line":35,"column":35},"end":{"line":36,"column":11}}]},"2":{"type":"branch","line":36,"loc":{"start":{"line":36,"column":2},"end":{"line":39,"column":3}},"locations":[{"start":{"line":36,"column":2},"end":{"line":39,"column":3}}]},"3":{"type":"branch","line":39,"loc":{"start":{"line":39,"column":2},"end":{"line":42,"column":34}},"locations":[{"start":{"line":39,"column":2},"end":{"line":42,"column":34}}]},"4":{"type":"branch","line":42,"loc":{"start":{"line":42,"column":34},"end":{"line":44,"column":3}},"locations":[{"start":{"line":42,"column":34},"end":{"line":44,"column":3}}]},"5":{"type":"branch","line":44,"loc":{"start":{"line":44,"column":2},"end":{"line":47,"column":28}},"locations":[{"start":{"line":44,"column":2},"end":{"line":47,"column":28}}]},"6":{"type":"branch","line":47,"loc":{"start":{"line":47,"column":20},"end":{"line":47,"column":32}},"locations":[{"start":{"line":47,"column":20},"end":{"line":47,"column":32}}]},"7":{"type":"branch","line":50,"loc":{"start":{"line":50,"column":44},"end":{"line":120,"column":25}},"locations":[{"start":{"line":50,"column":44},"end":{"line":120,"column":25}}]},"8":{"type":"branch","line":62,"loc":{"start":{"line":62,"column":4},"end":{"line":70,"column":5}},"locations":[{"start":{"line":62,"column":4},"end":{"line":70,"column":5}}]},"9":{"type":"branch","line":66,"loc":{"start":{"line":66,"column":6},"end":{"line":68,"column":7}},"locations":[{"start":{"line":66,"column":6},"end":{"line":68,"column":7}}]},"10":{"type":"branch","line":70,"loc":{"start":{"line":70,"column":4},"end":{"line":84,"column":30}},"locations":[{"start":{"line":70,"column":4},"end":{"line":84,"column":30}}]},"11":{"type":"branch","line":84,"loc":{"start":{"line":84,"column":21},"end":{"line":84,"column":65}},"locations":[{"start":{"line":84,"column":21},"end":{"line":84,"column":65}}]},"12":{"type":"branch","line":84,"loc":{"start":{"line":84,"column":65},"end":{"line":86,"column":5}},"locations":[{"start":{"line":84,"column":65},"end":{"line":86,"column":5}}]},"13":{"type":"branch","line":86,"loc":{"start":{"line":86,"column":4},"end":{"line":87,"column":30}},"locations":[{"start":{"line":86,"column":4},"end":{"line":87,"column":30}}]},"14":{"type":"branch","line":87,"loc":{"start":{"line":87,"column":21},"end":{"line":87,"column":65}},"locations":[{"start":{"line":87,"column":21},"end":{"line":87,"column":65}}]},"15":{"type":"branch","line":87,"loc":{"start":{"line":87,"column":65},"end":{"line":89,"column":5}},"locations":[{"start":{"line":87,"column":65},"end":{"line":89,"column":5}}]},"16":{"type":"branch","line":89,"loc":{"start":{"line":89,"column":4},"end":{"line":90,"column":30}},"locations":[{"start":{"line":89,"column":4},"end":{"line":90,"column":30}}]},"17":{"type":"branch","line":90,"loc":{"start":{"line":90,"column":21},"end":{"line":90,"column":65}},"locations":[{"start":{"line":90,"column":21},"end":{"line":90,"column":65}}]},"18":{"type":"branch","line":90,"loc":{"start":{"line":90,"column":65},"end":{"line":92,"column":5}},"locations":[{"start":{"line":90,"column":65},"end":{"line":92,"column":5}}]},"19":{"type":"branch","line":92,"loc":{"start":{"line":92,"column":4},"end":{"line":95,"column":40}},"locations":[{"start":{"line":92,"column":4},"end":{"line":95,"column":40}}]},"20":{"type":"branch","line":95,"loc":{"start":{"line":95,"column":40},"end":{"line":97,"column":5}},"locations":[{"start":{"line":95,"column":40},"end":{"line":97,"column":5}}]},"21":{"type":"branch","line":97,"loc":{"start":{"line":97,"column":4},"end":{"line":105,"column":53}},"locations":[{"start":{"line":97,"column":4},"end":{"line":105,"column":53}}]},"22":{"type":"branch","line":105,"loc":{"start":{"line":105,"column":37},"end":{"line":105,"column":73}},"locations":[{"start":{"line":105,"column":37},"end":{"line":105,"column":73}}]},"23":{"type":"branch","line":106,"loc":{"start":{"line":106,"column":42},"end":{"line":106,"column":82}},"locations":[{"start":{"line":106,"column":42},"end":{"line":106,"column":82}}]},"24":{"type":"branch","line":107,"loc":{"start":{"line":107,"column":33},"end":{"line":107,"column":67}},"locations":[{"start":{"line":107,"column":33},"end":{"line":107,"column":67}}]},"25":{"type":"branch","line":110,"loc":{"start":{"line":110,"column":25},"end":{"line":110,"column":78}},"locations":[{"start":{"line":110,"column":25},"end":{"line":110,"column":78}}]},"26":{"type":"branch","line":113,"loc":{"start":{"line":113,"column":25},"end":{"line":114,"column":57}},"locations":[{"start":{"line":113,"column":25},"end":{"line":114,"column":57}}]},"27":{"type":"branch","line":120,"loc":{"start":{"line":120,"column":25},"end":{"line":122,"column":3}},"locations":[{"start":{"line":120,"column":25},"end":{"line":122,"column":3}}]},"28":{"type":"branch","line":122,"loc":{"start":{"line":122,"column":2},"end":{"line":125,"column":2}},"locations":[{"start":{"line":122,"column":2},"end":{"line":125,"column":2}}]},"29":{"type":"branch","line":52,"loc":{"start":{"line":52,"column":32},"end":{"line":52,"column":75}},"locations":[{"start":{"line":52,"column":32},"end":{"line":52,"column":75}}]},"30":{"type":"branch","line":65,"loc":{"start":{"line":65,"column":33},"end":{"line":65,"column":76}},"locations":[{"start":{"line":65,"column":33},"end":{"line":65,"column":76}}]},"31":{"type":"branch","line":74,"loc":{"start":{"line":74,"column":29},"end":{"line":74,"column":56}},"locations":[{"start":{"line":74,"column":29},"end":{"line":74,"column":56}}]}},"b":{"0":[22],"1":[21],"2":[1],"3":[21],"4":[1],"5":[20],"6":[0],"7":[26],"8":[2],"9":[0],"10":[24],"11":[4],"12":[4],"13":[24],"14":[2],"15":[1],"16":[24],"17":[1],"18":[1],"19":[24],"20":[4],"21":[24],"22":[23],"23":[23],"24":[19],"25":[22],"26":[22],"27":[2],"28":[20],"29":[169],"30":[2],"31":[158]},"fnMap":{"0":{"name":"getPayloads","decl":{"start":{"line":28,"column":27},"end":{"line":125,"column":2}},"loc":{"start":{"line":28,"column":27},"end":{"line":125,"column":2}},"line":28}},"f":{"0":22}}
,"/Users/rafaelbartra/Documents/cavali-script/src/_helpers/insertPromissoryNote.ts": {"path":"/Users/rafaelbartra/Documents/cavali-script/src/_helpers/insertPromissoryNote.ts","all":true,"statementMap":{"14":{"start":{"line":15,"column":0},"end":{"line":15,"column":43}},"15":{"start":{"line":16,"column":0},"end":{"line":16,"column":15}},"16":{"start":{"line":17,"column":0},"end":{"line":17,"column":17}},"17":{"start":{"line":18,"column":0},"end":{"line":18,"column":24}},"18":{"start":{"line":19,"column":0},"end":{"line":19,"column":18}},"19":{"start":{"line":20,"column":0},"end":{"line":20,"column":21}},"20":{"start":{"line":21,"column":0},"end":{"line":21,"column":32}},"21":{"start":{"line":22,"column":0},"end":{"line":22,"column":28}},"22":{"start":{"line":23,"column":0},"end":{"line":23,"column":38}},"25":{"start":{"line":26,"column":0},"end":{"line":26,"column":19}},"26":{"start":{"line":27,"column":0},"end":{"line":27,"column":79}},"27":{"start":{"line":28,"column":0},"end":{"line":28,"column":21}},"28":{"start":{"line":29,"column":0},"end":{"line":29,"column":16}},"29":{"start":{"line":30,"column":0},"end":{"line":30,"column":43}},"30":{"start":{"line":31,"column":0},"end":{"line":31,"column":28}},"31":{"start":{"line":32,"column":0},"end":{"line":32,"column":37}},"32":{"start":{"line":33,"column":0},"end":{"line":33,"column":8}},"33":{"start":{"line":34,"column":0},"end":{"line":34,"column":68}},"34":{"start":{"line":35,"column":0},"end":{"line":35,"column":7}},"35":{"start":{"line":36,"column":0},"end":{"line":36,"column":56}},"38":{"start":{"line":39,"column":0},"end":{"line":39,"column":56}},"39":{"start":{"line":40,"column":0},"end":{"line":40,"column":20}},"40":{"start":{"line":41,"column":0},"end":{"line":41,"column":5}},"42":{"start":{"line":43,"column":0},"end":{"line":43,"column":3}},"43":{"start":{"line":44,"column":0},"end":{"line":44,"column":16}},"44":{"start":{"line":45,"column":0},"end":{"line":45,"column":2}}},"s":{"14":0,"15":0,"16":0,"17":0,"18":0,"19":0,"20":0,"21":0,"22":0,"25":0,"26":0,"27":0,"28":0,"29":0,"30":0,"31":0,"32":0,"33":0,"34":0,"35":0,"38":0,"39":0,"40":0,"42":0,"43":0,"44":0},"branchMap":{"0":{"type":"branch","line":1,"loc":{"start":{"line":1,"column":1444},"end":{"line":45,"column":2}},"locations":[{"start":{"line":1,"column":1444},"end":{"line":45,"column":2}}]}},"b":{"0":[1]},"fnMap":{"0":{"name":"(empty-report)","decl":{"start":{"line":1,"column":1444},"end":{"line":45,"column":2}},"loc":{"start":{"line":1,"column":1444},"end":{"line":45,"column":2}},"line":1}},"f":{"0":1}}
,"/Users/rafaelbartra/Documents/cavali-script/src/_helpers/parseExcelRecord.ts": {"path":"/Users/rafaelbartra/Documents/cavali-script/src/_helpers/parseExcelRecord.ts","all":false,"statementMap":{"5":{"start":{"line":6,"column":0},"end":{"line":6,"column":28}},"7":{"start":{"line":8,"column":0},"end":{"line":8,"column":48}},"8":{"start":{"line":9,"column":0},"end":{"line":9,"column":8}},"16":{"start":{"line":17,"column":0},"end":{"line":17,"column":8}},"35":{"start":{"line":36,"column":0},"end":{"line":36,"column":71}},"36":{"start":{"line":37,"column":0},"end":{"line":37,"column":30}},"42":{"start":{"line":43,"column":0},"end":{"line":43,"column":66}},"43":{"start":{"line":44,"column":0},"end":{"line":44,"column":30}},"44":{"start":{"line":45,"column":0},"end":{"line":45,"column":9}},"45":{"start":{"line":46,"column":0},"end":{"line":46,"column":33}},"46":{"start":{"line":47,"column":0},"end":{"line":47,"column":27}},"47":{"start":{"line":48,"column":0},"end":{"line":48,"column":19}},"48":{"start":{"line":49,"column":0},"end":{"line":49,"column":36}},"49":{"start":{"line":50,"column":0},"end":{"line":50,"column":38}},"50":{"start":{"line":51,"column":0},"end":{"line":51,"column":7}},"51":{"start":{"line":52,"column":0},"end":{"line":52,"column":5}},"52":{"start":{"line":53,"column":0},"end":{"line":53,"column":4}},"57":{"start":{"line":58,"column":0},"end":{"line":58,"column":45}},"58":{"start":{"line":59,"column":0},"end":{"line":59,"column":14}},"59":{"start":{"line":60,"column":0},"end":{"line":60,"column":14}},"60":{"start":{"line":61,"column":0},"end":{"line":61,"column":5}},"63":{"start":{"line":64,"column":0},"end":{"line":64,"column":35}},"64":{"start":{"line":65,"column":0},"end":{"line":65,"column":15}},"65":{"start":{"line":66,"column":0},"end":{"line":66,"column":14}},"66":{"start":{"line":67,"column":0},"end":{"line":67,"column":15}},"67":{"start":{"line":68,"column":0},"end":{"line":68,"column":13}},"68":{"start":{"line":69,"column":0},"end":{"line":69,"column":5}},"71":{"start":{"line":72,"column":0},"end":{"line":72,"column":41}},"72":{"start":{"line":73,"column":0},"end":{"line":73,"column":19}},"73":{"start":{"line":74,"column":0},"end":{"line":74,"column":18}},"74":{"start":{"line":75,"column":0},"end":{"line":75,"column":22}},"75":{"start":{"line":76,"column":0},"end":{"line":76,"column":17}},"76":{"start":{"line":77,"column":0},"end":{"line":77,"column":5}},"79":{"start":{"line":80,"column":0},"end":{"line":80,"column":43}},"80":{"start":{"line":81,"column":0},"end":{"line":81,"column":15}},"81":{"start":{"line":82,"column":0},"end":{"line":82,"column":15}},"82":{"start":{"line":83,"column":0},"end":{"line":83,"column":33}},"83":{"start":{"line":84,"column":0},"end":{"line":84,"column":5}},"86":{"start":{"line":87,"column":0},"end":{"line":87,"column":48}},"87":{"start":{"line":88,"column":0},"end":{"line":88,"column":19}},"88":{"start":{"line":89,"column":0},"end":{"line":89,"column":18}},"89":{"start":{"line":90,"column":0},"end":{"line":90,"column":22}},"90":{"start":{"line":91,"column":0},"end":{"line":91,"column":17}},"91":{"start":{"line":92,"column":0},"end":{"line":92,"column":5}},"92":{"start":{"line":93,"column":0},"end":{"line":93,"column":48}},"93":{"start":{"line":94,"column":0},"end":{"line":94,"column":19}},"94":{"start":{"line":95,"column":0},"end":{"line":95,"column":18}},"95":{"start":{"line":96,"column":0},"end":{"line":96,"column":22}},"96":{"start":{"line":97,"column":0},"end":{"line":97,"column":17}},"97":{"start":{"line":98,"column":0},"end":{"line":98,"column":5}},"98":{"start":{"line":99,"column":0},"end":{"line":99,"column":48}},"99":{"start":{"line":100,"column":0},"end":{"line":100,"column":19}},"100":{"start":{"line":101,"column":0},"end":{"line":101,"column":18}},"101":{"start":{"line":102,"column":0},"end":{"line":102,"column":22}},"102":{"start":{"line":103,"column":0},"end":{"line":103,"column":17}},"103":{"start":{"line":104,"column":0},"end":{"line":104,"column":5}},"108":{"start":{"line":109,"column":0},"end":{"line":109,"column":37}},"109":{"start":{"line":110,"column":0},"end":{"line":110,"column":57}},"110":{"start":{"line":111,"column":0},"end":{"line":111,"column":4}},"113":{"start":{"line":114,"column":0},"end":{"line":114,"column":38}},"114":{"start":{"line":115,"column":0},"end":{"line":115,"column":58}},"115":{"start":{"line":116,"column":0},"end":{"line":116,"column":4}},"118":{"start":{"line":119,"column":0},"end":{"line":119,"column":78}},"121":{"start":{"line":122,"column":0},"end":{"line":122,"column":76}},"124":{"start":{"line":125,"column":0},"end":{"line":125,"column":72}},"127":{"start":{"line":128,"column":0},"end":{"line":128,"column":38}},"128":{"start":{"line":129,"column":0},"end":{"line":129,"column":50}},"129":{"start":{"line":130,"column":0},"end":{"line":130,"column":4}},"132":{"start":{"line":133,"column":0},"end":{"line":133,"column":26}},"133":{"start":{"line":134,"column":0},"end":{"line":134,"column":17}},"134":{"start":{"line":135,"column":0},"end":{"line":135,"column":3}},"137":{"start":{"line":138,"column":0},"end":{"line":138,"column":51}},"138":{"start":{"line":139,"column":0},"end":{"line":139,"column":2}}},"s":{"5":1,"7":1,"8":1,"16":1,"35":1,"36":26,"42":26,"43":1326,"44":1326,"45":1326,"46":1326,"47":1326,"48":2,"49":2,"50":2,"51":2,"52":1326,"57":26,"58":26,"59":26,"60":26,"63":26,"64":26,"65":26,"66":26,"67":26,"68":26,"71":26,"72":26,"73":26,"74":26,"75":26,"76":26,"79":26,"80":26,"81":26,"82":26,"83":26,"86":26,"87":26,"88":26,"89":26,"90":26,"91":26,"92":26,"93":26,"94":26,"95":26,"96":26,"97":26,"98":26,"99":26,"100":26,"101":26,"102":26,"103":26,"108":26,"109":26,"110":26,"113":26,"114":546,"115":26,"118":26,"121":26,"124":26,"127":26,"128":416,"129":26,"132":26,"133":2,"134":2,"137":24,"138":24},"branchMap":{"0":{"type":"branch","line":36,"loc":{"start":{"line":36,"column":32},"end":{"line":139,"column":2}},"locations":[{"start":{"line":36,"column":32},"end":{"line":139,"column":2}}]},"1":{"type":"branch","line":133,"loc":{"start":{"line":133,"column":25},"end":{"line":135,"column":3}},"locations":[{"start":{"line":133,"column":25},"end":{"line":135,"column":3}}]},"2":{"type":"branch","line":135,"loc":{"start":{"line":135,"column":2},"end":{"line":139,"column":2}},"locations":[{"start":{"line":135,"column":2},"end":{"line":139,"column":2}}]},"3":{"type":"branch","line":43,"loc":{"start":{"line":43,"column":17},"end":{"line":53,"column":4}},"locations":[{"start":{"line":43,"column":17},"end":{"line":53,"column":4}}]},"4":{"type":"branch","line":48,"loc":{"start":{"line":48,"column":4},"end":{"line":52,"column":5}},"locations":[{"start":{"line":48,"column":4},"end":{"line":52,"column":5}}]},"5":{"type":"branch","line":109,"loc":{"start":{"line":109,"column":29},"end":{"line":110,"column":57}},"locations":[{"start":{"line":109,"column":29},"end":{"line":110,"column":57}}]},"6":{"type":"branch","line":110,"loc":{"start":{"line":110,"column":16},"end":{"line":110,"column":56}},"locations":[{"start":{"line":110,"column":16},"end":{"line":110,"column":56}}]},"7":{"type":"branch","line":114,"loc":{"start":{"line":114,"column":30},"end":{"line":115,"column":58}},"locations":[{"start":{"line":114,"column":30},"end":{"line":115,"column":58}}]},"8":{"type":"branch","line":115,"loc":{"start":{"line":115,"column":16},"end":{"line":115,"column":57}},"locations":[{"start":{"line":115,"column":16},"end":{"line":115,"column":57}}]},"9":{"type":"branch","line":119,"loc":{"start":{"line":119,"column":28},"end":{"line":119,"column":76}},"locations":[{"start":{"line":119,"column":28},"end":{"line":119,"column":76}}]},"10":{"type":"branch","line":119,"loc":{"start":{"line":119,"column":49},"end":{"line":119,"column":75}},"locations":[{"start":{"line":119,"column":49},"end":{"line":119,"column":75}}]},"11":{"type":"branch","line":122,"loc":{"start":{"line":122,"column":27},"end":{"line":122,"column":74}},"locations":[{"start":{"line":122,"column":27},"end":{"line":122,"column":74}}]},"12":{"type":"branch","line":122,"loc":{"start":{"line":122,"column":48},"end":{"line":122,"column":73}},"locations":[{"start":{"line":122,"column":48},"end":{"line":122,"column":73}}]},"13":{"type":"branch","line":125,"loc":{"start":{"line":125,"column":25},"end":{"line":125,"column":70}},"locations":[{"start":{"line":125,"column":25},"end":{"line":125,"column":70}}]},"14":{"type":"branch","line":125,"loc":{"start":{"line":125,"column":46},"end":{"line":125,"column":69}},"locations":[{"start":{"line":125,"column":46},"end":{"line":125,"column":69}}]},"15":{"type":"branch","line":128,"loc":{"start":{"line":128,"column":30},"end":{"line":129,"column":50}},"locations":[{"start":{"line":128,"column":30},"end":{"line":129,"column":50}}]},"16":{"type":"branch","line":129,"loc":{"start":{"line":129,"column":16},"end":{"line":129,"column":49}},"locations":[{"start":{"line":129,"column":16},"end":{"line":129,"column":49}}]}},"b":{"0":[26],"1":[2],"2":[24],"3":[1326],"4":[2],"5":[26],"6":[26],"7":[546],"8":[546],"9":[260],"10":[260],"11":[26],"12":[26],"13":[52],"14":[52],"15":[416],"16":[416]},"fnMap":{"0":{"name":"parseExcelRecord","decl":{"start":{"line":36,"column":32},"end":{"line":139,"column":2}},"loc":{"start":{"line":36,"column":32},"end":{"line":139,"column":2}},"line":36},"1":{"name":"parser","decl":{"start":{"line":43,"column":17},"end":{"line":53,"column":4}},"loc":{"start":{"line":43,"column":17},"end":{"line":53,"column":4}},"line":43}},"f":{"0":26,"1":1326}}
,"/Users/rafaelbartra/Documents/cavali-script/src/_helpers/parsers.ts": {"path":"/Users/rafaelbartra/Documents/cavali-script/src/_helpers/parsers.ts","all":false,"statementMap":{"5":{"start":{"line":6,"column":0},"end":{"line":6,"column":41}},"14":{"start":{"line":15,"column":0},"end":{"line":15,"column":64}},"15":{"start":{"line":16,"column":0},"end":{"line":16,"column":27}},"16":{"start":{"line":17,"column":0},"end":{"line":17,"column":22}},"17":{"start":{"line":18,"column":0},"end":{"line":18,"column":3}},"19":{"start":{"line":20,"column":0},"end":{"line":20,"column":64}},"20":{"start":{"line":21,"column":0},"end":{"line":21,"column":74}},"22":{"start":{"line":23,"column":0},"end":{"line":23,"column":56}},"24":{"start":{"line":25,"column":0},"end":{"line":25,"column":65}},"25":{"start":{"line":26,"column":0},"end":{"line":26,"column":32}},"26":{"start":{"line":27,"column":0},"end":{"line":27,"column":24}},"27":{"start":{"line":28,"column":0},"end":{"line":28,"column":12}},"28":{"start":{"line":29,"column":0},"end":{"line":29,"column":18}},"29":{"start":{"line":30,"column":0},"end":{"line":30,"column":5}},"30":{"start":{"line":31,"column":0},"end":{"line":31,"column":3}},"31":{"start":{"line":32,"column":0},"end":{"line":32,"column":20}},"32":{"start":{"line":33,"column":0},"end":{"line":33,"column":2}},"43":{"start":{"line":44,"column":0},"end":{"line":44,"column":26}},"44":{"start":{"line":45,"column":0},"end":{"line":45,"column":49}},"45":{"start":{"line":46,"column":0},"end":{"line":46,"column":26}},"46":{"start":{"line":47,"column":0},"end":{"line":47,"column":21}},"47":{"start":{"line":48,"column":0},"end":{"line":48,"column":13}},"48":{"start":{"line":49,"column":0},"end":{"line":49,"column":20}},"49":{"start":{"line":50,"column":0},"end":{"line":50,"column":28}},"50":{"start":{"line":51,"column":0},"end":{"line":51,"column":5}},"51":{"start":{"line":52,"column":0},"end":{"line":52,"column":16}},"52":{"start":{"line":53,"column":0},"end":{"line":53,"column":3}},"53":{"start":{"line":54,"column":0},"end":{"line":54,"column":24}},"54":{"start":{"line":55,"column":0},"end":{"line":55,"column":28}},"56":{"start":{"line":57,"column":0},"end":{"line":57,"column":69}},"57":{"start":{"line":58,"column":0},"end":{"line":58,"column":39}},"59":{"start":{"line":60,"column":0},"end":{"line":60,"column":48}},"60":{"start":{"line":61,"column":0},"end":{"line":61,"column":10}},"62":{"start":{"line":63,"column":0},"end":{"line":63,"column":35}},"63":{"start":{"line":64,"column":0},"end":{"line":64,"column":3}},"64":{"start":{"line":65,"column":0},"end":{"line":65,"column":36}},"65":{"start":{"line":66,"column":0},"end":{"line":66,"column":2}},"73":{"start":{"line":74,"column":0},"end":{"line":74,"column":52}},"74":{"start":{"line":75,"column":0},"end":{"line":75,"column":22}},"75":{"start":{"line":76,"column":0},"end":{"line":76,"column":32}},"76":{"start":{"line":77,"column":0},"end":{"line":77,"column":20}},"77":{"start":{"line":78,"column":0},"end":{"line":78,"column":3}},"78":{"start":{"line":79,"column":0},"end":{"line":79,"column":32}},"79":{"start":{"line":80,"column":0},"end":{"line":80,"column":14}},"80":{"start":{"line":81,"column":0},"end":{"line":81,"column":3}},"81":{"start":{"line":82,"column":0},"end":{"line":82,"column":13}},"82":{"start":{"line":83,"column":0},"end":{"line":83,"column":2}},"95":{"start":{"line":96,"column":0},"end":{"line":96,"column":28}},"96":{"start":{"line":97,"column":0},"end":{"line":97,"column":11}},"97":{"start":{"line":98,"column":0},"end":{"line":98,"column":15}},"98":{"start":{"line":99,"column":0},"end":{"line":99,"column":15}},"99":{"start":{"line":100,"column":0},"end":{"line":100,"column":27}},"100":{"start":{"line":101,"column":0},"end":{"line":101,"column":25}},"101":{"start":{"line":102,"column":0},"end":{"line":102,"column":21}},"102":{"start":{"line":103,"column":0},"end":{"line":103,"column":16}},"103":{"start":{"line":104,"column":0},"end":{"line":104,"column":13}},"104":{"start":{"line":105,"column":0},"end":{"line":105,"column":20}},"105":{"start":{"line":106,"column":0},"end":{"line":106,"column":30}},"106":{"start":{"line":107,"column":0},"end":{"line":107,"column":5}},"107":{"start":{"line":108,"column":0},"end":{"line":108,"column":16}},"108":{"start":{"line":109,"column":0},"end":{"line":109,"column":3}},"109":{"start":{"line":110,"column":0},"end":{"line":110,"column":16}},"110":{"start":{"line":111,"column":0},"end":{"line":111,"column":29}},"111":{"start":{"line":112,"column":0},"end":{"line":112,"column":3}},"114":{"start":{"line":115,"column":0},"end":{"line":115,"column":31}},"116":{"start":{"line":117,"column":0},"end":{"line":117,"column":32}},"117":{"start":{"line":118,"column":0},"end":{"line":118,"column":27}},"118":{"start":{"line":119,"column":0},"end":{"line":119,"column":3}},"119":{"start":{"line":120,"column":0},"end":{"line":120,"column":46}},"120":{"start":{"line":121,"column":0},"end":{"line":121,"column":60}},"121":{"start":{"line":122,"column":0},"end":{"line":122,"column":3}},"122":{"start":{"line":123,"column":0},"end":{"line":123,"column":46}},"123":{"start":{"line":124,"column":0},"end":{"line":124,"column":58}},"124":{"start":{"line":125,"column":0},"end":{"line":125,"column":3}},"125":{"start":{"line":126,"column":0},"end":{"line":126,"column":13}},"126":{"start":{"line":127,"column":0},"end":{"line":127,"column":2}},"135":{"start":{"line":136,"column":0},"end":{"line":136,"column":25}},"136":{"start":{"line":137,"column":0},"end":{"line":137,"column":11}},"137":{"start":{"line":138,"column":0},"end":{"line":138,"column":23}},"138":{"start":{"line":139,"column":0},"end":{"line":139,"column":26}},"139":{"start":{"line":140,"column":0},"end":{"line":140,"column":42}},"140":{"start":{"line":141,"column":0},"end":{"line":141,"column":24}},"141":{"start":{"line":142,"column":0},"end":{"line":142,"column":3}},"143":{"start":{"line":144,"column":0},"end":{"line":144,"column":32}},"144":{"start":{"line":145,"column":0},"end":{"line":145,"column":15}},"145":{"start":{"line":146,"column":0},"end":{"line":146,"column":3}},"147":{"start":{"line":148,"column":0},"end":{"line":148,"column":32}},"148":{"start":{"line":149,"column":0},"end":{"line":149,"column":32}},"149":{"start":{"line":150,"column":0},"end":{"line":150,"column":43}},"150":{"start":{"line":151,"column":0},"end":{"line":151,"column":3}},"152":{"start":{"line":153,"column":0},"end":{"line":153,"column":22}},"153":{"start":{"line":154,"column":0},"end":{"line":154,"column":2}},"164":{"start":{"line":165,"column":0},"end":{"line":165,"column":28}},"165":{"start":{"line":166,"column":0},"end":{"line":166,"column":11}},"166":{"start":{"line":167,"column":0},"end":{"line":167,"column":27}},"167":{"start":{"line":168,"column":0},"end":{"line":168,"column":25}},"168":{"start":{"line":169,"column":0},"end":{"line":169,"column":21}},"169":{"start":{"line":170,"column":0},"end":{"line":170,"column":46}},"170":{"start":{"line":171,"column":0},"end":{"line":171,"column":30}},"171":{"start":{"line":172,"column":0},"end":{"line":172,"column":20}},"172":{"start":{"line":173,"column":0},"end":{"line":173,"column":30}},"173":{"start":{"line":174,"column":0},"end":{"line":174,"column":5}},"174":{"start":{"line":175,"column":0},"end":{"line":175,"column":16}},"175":{"start":{"line":176,"column":0},"end":{"line":176,"column":3}},"176":{"start":{"line":177,"column":0},"end":{"line":177,"column":31}},"177":{"start":{"line":178,"column":0},"end":{"line":178,"column":17}},"178":{"start":{"line":179,"column":0},"end":{"line":179,"column":3}},"179":{"start":{"line":180,"column":0},"end":{"line":180,"column":25}},"180":{"start":{"line":181,"column":0},"end":{"line":181,"column":2}},"191":{"start":{"line":192,"column":0},"end":{"line":192,"column":29}},"192":{"start":{"line":193,"column":0},"end":{"line":193,"column":11}},"193":{"start":{"line":194,"column":0},"end":{"line":194,"column":27}},"194":{"start":{"line":195,"column":0},"end":{"line":195,"column":25}},"195":{"start":{"line":196,"column":0},"end":{"line":196,"column":21}},"196":{"start":{"line":197,"column":0},"end":{"line":197,"column":46}},"197":{"start":{"line":198,"column":0},"end":{"line":198,"column":30}},"198":{"start":{"line":199,"column":0},"end":{"line":199,"column":20}},"199":{"start":{"line":200,"column":0},"end":{"line":200,"column":31}},"200":{"start":{"line":201,"column":0},"end":{"line":201,"column":5}},"201":{"start":{"line":202,"column":0},"end":{"line":202,"column":16}},"202":{"start":{"line":203,"column":0},"end":{"line":203,"column":3}},"203":{"start":{"line":204,"column":0},"end":{"line":204,"column":32}},"204":{"start":{"line":205,"column":0},"end":{"line":205,"column":17}},"205":{"start":{"line":206,"column":0},"end":{"line":206,"column":3}},"206":{"start":{"line":207,"column":0},"end":{"line":207,"column":26}},"207":{"start":{"line":208,"column":0},"end":{"line":208,"column":2}},"218":{"start":{"line":219,"column":0},"end":{"line":219,"column":28}},"219":{"start":{"line":220,"column":0},"end":{"line":220,"column":11}},"220":{"start":{"line":221,"column":0},"end":{"line":221,"column":27}},"221":{"start":{"line":222,"column":0},"end":{"line":222,"column":25}},"222":{"start":{"line":223,"column":0},"end":{"line":223,"column":21}},"223":{"start":{"line":224,"column":0},"end":{"line":224,"column":46}},"224":{"start":{"line":225,"column":0},"end":{"line":225,"column":30}},"225":{"start":{"line":226,"column":0},"end":{"line":226,"column":20}},"226":{"start":{"line":227,"column":0},"end":{"line":227,"column":30}},"227":{"start":{"line":228,"column":0},"end":{"line":228,"column":5}},"228":{"start":{"line":229,"column":0},"end":{"line":229,"column":16}},"229":{"start":{"line":230,"column":0},"end":{"line":230,"column":3}},"230":{"start":{"line":231,"column":0},"end":{"line":231,"column":34}},"231":{"start":{"line":232,"column":0},"end":{"line":232,"column":17}},"232":{"start":{"line":233,"column":0},"end":{"line":233,"column":3}},"233":{"start":{"line":234,"column":0},"end":{"line":234,"column":25}},"234":{"start":{"line":235,"column":0},"end":{"line":235,"column":2}},"249":{"start":{"line":250,"column":0},"end":{"line":250,"column":36}},"250":{"start":{"line":251,"column":0},"end":{"line":251,"column":11}},"251":{"start":{"line":252,"column":0},"end":{"line":252,"column":27}},"252":{"start":{"line":253,"column":0},"end":{"line":253,"column":25}},"253":{"start":{"line":254,"column":0},"end":{"line":254,"column":21}},"254":{"start":{"line":255,"column":0},"end":{"line":255,"column":16}},"255":{"start":{"line":256,"column":0},"end":{"line":256,"column":13}},"256":{"start":{"line":257,"column":0},"end":{"line":257,"column":20}},"257":{"start":{"line":258,"column":0},"end":{"line":258,"column":39}},"258":{"start":{"line":259,"column":0},"end":{"line":259,"column":5}},"259":{"start":{"line":260,"column":0},"end":{"line":260,"column":16}},"260":{"start":{"line":261,"column":0},"end":{"line":261,"column":3}},"262":{"start":{"line":263,"column":0},"end":{"line":263,"column":16}},"263":{"start":{"line":264,"column":0},"end":{"line":264,"column":29}},"264":{"start":{"line":265,"column":0},"end":{"line":265,"column":3}},"266":{"start":{"line":267,"column":0},"end":{"line":267,"column":32}},"267":{"start":{"line":268,"column":0},"end":{"line":268,"column":43}},"268":{"start":{"line":269,"column":0},"end":{"line":269,"column":3}},"271":{"start":{"line":272,"column":0},"end":{"line":272,"column":29}},"274":{"start":{"line":275,"column":0},"end":{"line":275,"column":34}},"275":{"start":{"line":276,"column":0},"end":{"line":276,"column":32}},"276":{"start":{"line":277,"column":0},"end":{"line":277,"column":80}},"277":{"start":{"line":278,"column":0},"end":{"line":278,"column":3}},"280":{"start":{"line":281,"column":0},"end":{"line":281,"column":42}},"281":{"start":{"line":282,"column":0},"end":{"line":282,"column":79}},"282":{"start":{"line":283,"column":0},"end":{"line":283,"column":3}},"285":{"start":{"line":286,"column":0},"end":{"line":286,"column":25}},"286":{"start":{"line":287,"column":0},"end":{"line":287,"column":20}},"287":{"start":{"line":288,"column":0},"end":{"line":288,"column":3}},"289":{"start":{"line":290,"column":0},"end":{"line":290,"column":13}},"290":{"start":{"line":291,"column":0},"end":{"line":291,"column":2}}},"s":{"5":1,"14":1,"15":0,"16":0,"17":0,"19":0,"20":0,"22":0,"24":0,"25":0,"26":0,"27":0,"28":0,"29":0,"30":0,"31":0,"32":0,"43":1,"44":52,"45":52,"46":52,"47":52,"48":25,"49":0,"50":0,"51":25,"52":25,"53":27,"54":52,"56":0,"57":52,"59":27,"60":27,"62":0,"63":0,"64":27,"65":27,"73":1,"74":269,"75":269,"76":0,"77":0,"78":269,"79":0,"80":0,"81":269,"82":269,"95":1,"96":741,"97":741,"98":741,"99":741,"100":741,"101":741,"102":741,"103":741,"104":507,"105":0,"106":0,"107":507,"108":507,"109":234,"110":234,"111":234,"114":234,"116":741,"117":0,"118":0,"119":741,"120":0,"121":0,"122":741,"123":2,"124":2,"125":232,"126":232,"135":1,"136":286,"137":286,"138":286,"139":286,"140":250,"141":250,"143":36,"144":36,"145":36,"147":0,"148":0,"149":0,"150":0,"152":0,"153":0,"164":1,"165":0,"166":0,"167":0,"168":0,"169":0,"170":0,"171":0,"172":0,"173":0,"174":0,"175":0,"176":0,"177":0,"178":0,"179":0,"180":0,"191":1,"192":260,"193":260,"194":260,"195":260,"196":260,"197":260,"198":250,"199":0,"200":0,"201":250,"202":250,"203":10,"204":10,"205":10,"206":0,"207":0,"218":1,"219":26,"220":26,"221":26,"222":26,"223":26,"224":26,"225":0,"226":0,"227":0,"228":0,"229":0,"230":26,"231":26,"232":26,"233":0,"234":0,"249":1,"250":416,"251":416,"252":416,"253":416,"254":416,"255":416,"256":381,"257":0,"258":0,"259":381,"260":381,"262":35,"263":35,"264":35,"266":416,"267":0,"268":0,"271":35,"274":35,"275":416,"276":0,"277":0,"280":416,"281":0,"282":0,"285":416,"286":0,"287":0,"289":35,"290":35},"branchMap":{"0":{"type":"branch","line":44,"loc":{"start":{"line":44,"column":25},"end":{"line":66,"column":2}},"locations":[{"start":{"line":44,"column":25},"end":{"line":66,"column":2}}]},"1":{"type":"branch","line":48,"loc":{"start":{"line":48,"column":12},"end":{"line":53,"column":3}},"locations":[{"start":{"line":48,"column":12},"end":{"line":53,"column":3}}]},"2":{"type":"branch","line":49,"loc":{"start":{"line":49,"column":19},"end":{"line":51,"column":5}},"locations":[{"start":{"line":49,"column":19},"end":{"line":51,"column":5}}]},"3":{"type":"branch","line":53,"loc":{"start":{"line":53,"column":2},"end":{"line":55,"column":27}},"locations":[{"start":{"line":53,"column":2},"end":{"line":55,"column":27}}]},"4":{"type":"branch","line":55,"loc":{"start":{"line":55,"column":27},"end":{"line":58,"column":13}},"locations":[{"start":{"line":55,"column":27},"end":{"line":58,"column":13}}]},"5":{"type":"branch","line":58,"loc":{"start":{"line":58,"column":2},"end":{"line":66,"column":2}},"locations":[{"start":{"line":58,"column":2},"end":{"line":66,"column":2}}]},"6":{"type":"branch","line":61,"loc":{"start":{"line":61,"column":2},"end":{"line":64,"column":3}},"locations":[{"start":{"line":61,"column":2},"end":{"line":64,"column":3}}]},"7":{"type":"branch","line":74,"loc":{"start":{"line":74,"column":29},"end":{"line":83,"column":2}},"locations":[{"start":{"line":74,"column":29},"end":{"line":83,"column":2}}]},"8":{"type":"branch","line":75,"loc":{"start":{"line":75,"column":12},"end":{"line":75,"column":22}},"locations":[{"start":{"line":75,"column":12},"end":{"line":75,"column":22}}]},"9":{"type":"branch","line":76,"loc":{"start":{"line":76,"column":31},"end":{"line":78,"column":3}},"locations":[{"start":{"line":76,"column":31},"end":{"line":78,"column":3}}]},"10":{"type":"branch","line":79,"loc":{"start":{"line":79,"column":31},"end":{"line":81,"column":3}},"locations":[{"start":{"line":79,"column":31},"end":{"line":81,"column":3}}]},"11":{"type":"branch","line":96,"loc":{"start":{"line":96,"column":27},"end":{"line":127,"column":2}},"locations":[{"start":{"line":96,"column":27},"end":{"line":127,"column":2}}]},"12":{"type":"branch","line":104,"loc":{"start":{"line":104,"column":12},"end":{"line":109,"column":3}},"locations":[{"start":{"line":104,"column":12},"end":{"line":109,"column":3}}]},"13":{"type":"branch","line":105,"loc":{"start":{"line":105,"column":19},"end":{"line":107,"column":5}},"locations":[{"start":{"line":105,"column":19},"end":{"line":107,"column":5}}]},"14":{"type":"branch","line":109,"loc":{"start":{"line":109,"column":2},"end":{"line":117,"column":31}},"locations":[{"start":{"line":109,"column":2},"end":{"line":117,"column":31}}]},"15":{"type":"branch","line":117,"loc":{"start":{"line":117,"column":31},"end":{"line":119,"column":3}},"locations":[{"start":{"line":117,"column":31},"end":{"line":119,"column":3}}]},"16":{"type":"branch","line":119,"loc":{"start":{"line":119,"column":2},"end":{"line":120,"column":27}},"locations":[{"start":{"line":119,"column":2},"end":{"line":120,"column":27}}]},"17":{"type":"branch","line":120,"loc":{"start":{"line":120,"column":14},"end":{"line":120,"column":45}},"locations":[{"start":{"line":120,"column":14},"end":{"line":120,"column":45}}]},"18":{"type":"branch","line":120,"loc":{"start":{"line":120,"column":45},"end":{"line":122,"column":3}},"locations":[{"start":{"line":120,"column":45},"end":{"line":122,"column":3}}]},"19":{"type":"branch","line":122,"loc":{"start":{"line":122,"column":2},"end":{"line":123,"column":27}},"locations":[{"start":{"line":122,"column":2},"end":{"line":123,"column":27}}]},"20":{"type":"branch","line":123,"loc":{"start":{"line":123,"column":14},"end":{"line":123,"column":45}},"locations":[{"start":{"line":123,"column":14},"end":{"line":123,"column":45}}]},"21":{"type":"branch","line":123,"loc":{"start":{"line":123,"column":45},"end":{"line":125,"column":3}},"locations":[{"start":{"line":123,"column":45},"end":{"line":125,"column":3}}]},"22":{"type":"branch","line":125,"loc":{"start":{"line":125,"column":2},"end":{"line":127,"column":2}},"locations":[{"start":{"line":125,"column":2},"end":{"line":127,"column":2}}]},"23":{"type":"branch","line":136,"loc":{"start":{"line":136,"column":24},"end":{"line":154,"column":2}},"locations":[{"start":{"line":136,"column":24},"end":{"line":154,"column":2}}]},"24":{"type":"branch","line":140,"loc":{"start":{"line":140,"column":41},"end":{"line":142,"column":3}},"locations":[{"start":{"line":140,"column":41},"end":{"line":142,"column":3}}]},"25":{"type":"branch","line":142,"loc":{"start":{"line":142,"column":2},"end":{"line":146,"column":3}},"locations":[{"start":{"line":142,"column":2},"end":{"line":146,"column":3}}]},"26":{"type":"branch","line":146,"loc":{"start":{"line":146,"column":2},"end":{"line":154,"column":2}},"locations":[{"start":{"line":146,"column":2},"end":{"line":154,"column":2}}]},"27":{"type":"branch","line":192,"loc":{"start":{"line":192,"column":28},"end":{"line":208,"column":2}},"locations":[{"start":{"line":192,"column":28},"end":{"line":208,"column":2}}]},"28":{"type":"branch","line":197,"loc":{"start":{"line":197,"column":38},"end":{"line":197,"column":46}},"locations":[{"start":{"line":197,"column":38},"end":{"line":197,"column":46}}]},"29":{"type":"branch","line":198,"loc":{"start":{"line":198,"column":7},"end":{"line":198,"column":29}},"locations":[{"start":{"line":198,"column":7},"end":{"line":198,"column":29}}]},"30":{"type":"branch","line":198,"loc":{"start":{"line":198,"column":29},"end":{"line":203,"column":3}},"locations":[{"start":{"line":198,"column":29},"end":{"line":203,"column":3}}]},"31":{"type":"branch","line":199,"loc":{"start":{"line":199,"column":19},"end":{"line":201,"column":5}},"locations":[{"start":{"line":199,"column":19},"end":{"line":201,"column":5}}]},"32":{"type":"branch","line":203,"loc":{"start":{"line":203,"column":2},"end":{"line":206,"column":3}},"locations":[{"start":{"line":203,"column":2},"end":{"line":206,"column":3}}]},"33":{"type":"branch","line":206,"loc":{"start":{"line":206,"column":2},"end":{"line":208,"column":2}},"locations":[{"start":{"line":206,"column":2},"end":{"line":208,"column":2}}]},"34":{"type":"branch","line":219,"loc":{"start":{"line":219,"column":27},"end":{"line":235,"column":2}},"locations":[{"start":{"line":219,"column":27},"end":{"line":235,"column":2}}]},"35":{"type":"branch","line":224,"loc":{"start":{"line":224,"column":38},"end":{"line":224,"column":46}},"locations":[{"start":{"line":224,"column":38},"end":{"line":224,"column":46}}]},"36":{"type":"branch","line":225,"loc":{"start":{"line":225,"column":7},"end":{"line":225,"column":29}},"locations":[{"start":{"line":225,"column":7},"end":{"line":225,"column":29}}]},"37":{"type":"branch","line":225,"loc":{"start":{"line":225,"column":29},"end":{"line":230,"column":3}},"locations":[{"start":{"line":225,"column":29},"end":{"line":230,"column":3}}]},"38":{"type":"branch","line":233,"loc":{"start":{"line":233,"column":2},"end":{"line":235,"column":2}},"locations":[{"start":{"line":233,"column":2},"end":{"line":235,"column":2}}]},"39":{"type":"branch","line":250,"loc":{"start":{"line":250,"column":35},"end":{"line":291,"column":2}},"locations":[{"start":{"line":250,"column":35},"end":{"line":291,"column":2}}]},"40":{"type":"branch","line":256,"loc":{"start":{"line":256,"column":12},"end":{"line":261,"column":3}},"locations":[{"start":{"line":256,"column":12},"end":{"line":261,"column":3}}]},"41":{"type":"branch","line":257,"loc":{"start":{"line":257,"column":19},"end":{"line":259,"column":5}},"locations":[{"start":{"line":257,"column":19},"end":{"line":259,"column":5}}]},"42":{"type":"branch","line":261,"loc":{"start":{"line":261,"column":2},"end":{"line":267,"column":31}},"locations":[{"start":{"line":261,"column":2},"end":{"line":267,"column":31}}]},"43":{"type":"branch","line":267,"loc":{"start":{"line":267,"column":31},"end":{"line":269,"column":3}},"locations":[{"start":{"line":267,"column":31},"end":{"line":269,"column":3}}]},"44":{"type":"branch","line":269,"loc":{"start":{"line":269,"column":2},"end":{"line":276,"column":31}},"locations":[{"start":{"line":269,"column":2},"end":{"line":276,"column":31}}]},"45":{"type":"branch","line":276,"loc":{"start":{"line":276,"column":31},"end":{"line":278,"column":3}},"locations":[{"start":{"line":276,"column":31},"end":{"line":278,"column":3}}]},"46":{"type":"branch","line":278,"loc":{"start":{"line":278,"column":2},"end":{"line":281,"column":41}},"locations":[{"start":{"line":278,"column":2},"end":{"line":281,"column":41}}]},"47":{"type":"branch","line":281,"loc":{"start":{"line":281,"column":41},"end":{"line":283,"column":3}},"locations":[{"start":{"line":281,"column":41},"end":{"line":283,"column":3}}]},"48":{"type":"branch","line":283,"loc":{"start":{"line":283,"column":2},"end":{"line":286,"column":24}},"locations":[{"start":{"line":283,"column":2},"end":{"line":286,"column":24}}]},"49":{"type":"branch","line":286,"loc":{"start":{"line":286,"column":24},"end":{"line":288,"column":3}},"locations":[{"start":{"line":286,"column":24},"end":{"line":288,"column":3}}]},"50":{"type":"branch","line":288,"loc":{"start":{"line":288,"column":2},"end":{"line":291,"column":2}},"locations":[{"start":{"line":288,"column":2},"end":{"line":291,"column":2}}]}},"b":{"0":[52],"1":[25],"2":[0],"3":[27],"4":[0],"5":[27],"6":[0],"7":[269],"8":[0],"9":[0],"10":[0],"11":[741],"12":[507],"13":[0],"14":[234],"15":[0],"16":[234],"17":[0],"18":[0],"19":[234],"20":[65],"21":[2],"22":[232],"23":[286],"24":[250],"25":[36],"26":[0],"27":[260],"28":[0],"29":[250],"30":[250],"31":[0],"32":[10],"33":[0],"34":[26],"35":[0],"36":[0],"37":[0],"38":[0],"39":[416],"40":[381],"41":[0],"42":[35],"43":[0],"44":[35],"45":[0],"46":[35],"47":[0],"48":[35],"49":[0],"50":[35]},"fnMap":{"0":{"name":"getJsDateFromExcel","decl":{"start":{"line":15,"column":34},"end":{"line":33,"column":2}},"loc":{"start":{"line":15,"column":34},"end":{"line":33,"column":2}},"line":15},"1":{"name":"parseDate","decl":{"start":{"line":44,"column":25},"end":{"line":66,"column":2}},"loc":{"start":{"line":44,"column":25},"end":{"line":66,"column":2}},"line":44},"2":{"name":"convertString","decl":{"start":{"line":74,"column":29},"end":{"line":83,"column":2}},"loc":{"start":{"line":74,"column":29},"end":{"line":83,"column":2}},"line":74},"3":{"name":"parseString","decl":{"start":{"line":96,"column":27},"end":{"line":127,"column":2}},"loc":{"start":{"line":96,"column":27},"end":{"line":127,"column":2}},"line":96},"4":{"name":"toNumber","decl":{"start":{"line":136,"column":24},"end":{"line":154,"column":2}},"loc":{"start":{"line":136,"column":24},"end":{"line":154,"column":2}},"line":136},"5":{"name":"parseDouble","decl":{"start":{"line":165,"column":27},"end":{"line":181,"column":2}},"loc":{"start":{"line":165,"column":27},"end":{"line":181,"column":2}},"line":165},"6":{"name":"parseInteger","decl":{"start":{"line":192,"column":28},"end":{"line":208,"column":2}},"loc":{"start":{"line":192,"column":28},"end":{"line":208,"column":2}},"line":192},"7":{"name":"parseNumber","decl":{"start":{"line":219,"column":27},"end":{"line":235,"column":2}},"loc":{"start":{"line":219,"column":27},"end":{"line":235,"column":2}},"line":219},"8":{"name":"parseDocumentNumber","decl":{"start":{"line":250,"column":35},"end":{"line":291,"column":2}},"loc":{"start":{"line":250,"column":35},"end":{"line":291,"column":2}},"line":250}},"f":{"0":0,"1":52,"2":269,"3":741,"4":286,"5":0,"6":260,"7":26,"8":416}}
,"/Users/rafaelbartra/Documents/cavali-script/src/_helpers/readExcelRows.ts": {"path":"/Users/rafaelbartra/Documents/cavali-script/src/_helpers/readExcelRows.ts","all":false,"statementMap":{"0":{"start":{"line":1,"column":0},"end":{"line":1,"column":25}},"1":{"start":{"line":2,"column":0},"end":{"line":2,"column":48}},"11":{"start":{"line":12,"column":0},"end":{"line":12,"column":70}},"12":{"start":{"line":13,"column":0},"end":{"line":13,"column":57}}},"s":{"0":1,"1":1,"11":1,"12":0},"branchMap":{},"b":{},"fnMap":{"0":{"name":"readExcelRows","decl":{"start":{"line":12,"column":29},"end":{"line":13,"column":57}},"loc":{"start":{"line":12,"column":29},"end":{"line":13,"column":57}},"line":12}},"f":{"0":0}}
,"/Users/rafaelbartra/Documents/cavali-script/src/_helpers/replaceValues.ts": {"path":"/Users/rafaelbartra/Documents/cavali-script/src/_helpers/replaceValues.ts","all":false,"statementMap":{"0":{"start":{"line":1,"column":0},"end":{"line":1,"column":28}},"17":{"start":{"line":18,"column":0},"end":{"line":18,"column":30}},"18":{"start":{"line":19,"column":0},"end":{"line":19,"column":19}},"19":{"start":{"line":20,"column":0},"end":{"line":20,"column":14}},"20":{"start":{"line":21,"column":0},"end":{"line":21,"column":28}},"21":{"start":{"line":22,"column":0},"end":{"line":22,"column":12}},"22":{"start":{"line":23,"column":0},"end":{"line":23,"column":29}},"23":{"start":{"line":24,"column":0},"end":{"line":24,"column":33}},"24":{"start":{"line":25,"column":0},"end":{"line":25,"column":37}},"25":{"start":{"line":26,"column":0},"end":{"line":26,"column":3}},"26":{"start":{"line":27,"column":0},"end":{"line":27,"column":31}},"27":{"start":{"line":28,"column":0},"end":{"line":28,"column":28}},"28":{"start":{"line":29,"column":0},"end":{"line":29,"column":32}},"29":{"start":{"line":30,"column":0},"end":{"line":30,"column":5}},"30":{"start":{"line":31,"column":0},"end":{"line":31,"column":3}},"31":{"start":{"line":32,"column":0},"end":{"line":32,"column":2}}},"s":{"0":1,"17":1,"18":182,"19":182,"20":182,"21":182,"22":182,"23":182,"24":9,"25":9,"26":182,"27":650,"28":9,"29":9,"30":650,"31":182},"branchMap":{"0":{"type":"branch","line":18,"loc":{"start":{"line":18,"column":29},"end":{"line":32,"column":2}},"locations":[{"start":{"line":18,"column":29},"end":{"line":32,"column":2}}]},"1":{"type":"branch","line":24,"loc":{"start":{"line":24,"column":32},"end":{"line":26,"column":3}},"locations":[{"start":{"line":24,"column":32},"end":{"line":26,"column":3}}]},"2":{"type":"branch","line":27,"loc":{"start":{"line":27,"column":30},"end":{"line":31,"column":3}},"locations":[{"start":{"line":27,"column":30},"end":{"line":31,"column":3}}]},"3":{"type":"branch","line":28,"loc":{"start":{"line":28,"column":27},"end":{"line":30,"column":5}},"locations":[{"start":{"line":28,"column":27},"end":{"line":30,"column":5}}]}},"b":{"0":[182],"1":[9],"2":[650],"3":[9]},"fnMap":{"0":{"name":"replaceValues","decl":{"start":{"line":18,"column":29},"end":{"line":32,"column":2}},"loc":{"start":{"line":18,"column":29},"end":{"line":32,"column":2}},"line":18}},"f":{"0":182}}
}
